<!DOCTYPE html>

<html>
  <head>
  <meta charset='utf-8'>
  <title>TestNG reports</title>

    <link type="text/css" href="testng-reports1.css" rel="stylesheet" id="ultra" />
    <link type="text/css" href="testng-reports.css" rel="stylesheet" id="retro" disabled="false"/>
    <script type="text/javascript" src="jquery-3.6.0.min.js"></script>
    <script type="text/javascript" src="testng-reports.js"></script>
    <script type="text/javascript" src="https://www.google.com/jsapi"></script>
    <script type='text/javascript'>
      google.load('visualization', '1', {packages:['table']});
      google.setOnLoadCallback(drawTable);
      var suiteTableInitFunctions = new Array();
      var suiteTableData = new Array();
    </script>
    <!--
      <script type="text/javascript" src="jquery-ui/js/jquery-ui-1.8.16.custom.min.js"></script>
     -->
  </head>

  <body>    <div class="top-banner-root">
      <span class="top-banner-title-font">Test results</span>
      <button id="button" class="button">Switch Retro Theme</button> <!-- button -->
      <br/>
      <span class="top-banner-font-1">1 suite, 3 failed tests</span>
    </div> <!-- top-banner-root -->
    <div class="navigator-root">
      <div class="navigator-suite-header">
        <span>All suites</span>
        <a href="#" title="Collapse/expand all the suites" class="collapse-all-link">
          <img src="collapseall.gif" class="collapse-all-icon">
          </img> <!-- collapse-all-icon -->
        </a> <!-- collapse-all-link -->
      </div> <!-- navigator-suite-header -->
      <div class="suite">
        <div class="rounded-window">
          <div class="suite-header light-rounded-window-top">
            <a href="#" panel-name="suite-Suite" class="navigator-link">
              <span class="suite-name border-failed">Suite</span>
            </a> <!-- navigator-link -->
          </div> <!-- suite-header light-rounded-window-top -->
          <div class="navigator-suite-content">
            <div class="suite-section-title">
              <span>Info</span>
            </div> <!-- suite-section-title -->
            <div class="suite-section-content">
              <ul>
                <li>
                  <a href="#" panel-name="test-xml-Suite" class="navigator-link ">
                    <span>D:\012LivetechWS\HybridFramework\regression.xml</span>
                  </a> <!-- navigator-link  -->
                </li>
                <li>
                  <a href="#" panel-name="testlist-Suite" class="navigator-link ">
                    <span class="test-stats">1 test</span>
                  </a> <!-- navigator-link  -->
                </li>
                <li>
                  <a href="#" panel-name="group-Suite" class="navigator-link ">
                    <span>0 groups</span>
                  </a> <!-- navigator-link  -->
                </li>
                <li>
                  <a href="#" panel-name="times-Suite" class="navigator-link ">
                    <span>Times</span>
                  </a> <!-- navigator-link  -->
                </li>
                <li>
                  <a href="#" panel-name="reporter-Suite" class="navigator-link ">
                    <span>Reporter output</span>
                  </a> <!-- navigator-link  -->
                </li>
                <li>
                  <a href="#" panel-name="ignored-methods-Suite" class="navigator-link ">
                    <span>Ignored methods</span>
                  </a> <!-- navigator-link  -->
                </li>
                <li>
                  <a href="#" panel-name="chronological-Suite" class="navigator-link ">
                    <span>Chronological view</span>
                  </a> <!-- navigator-link  -->
                </li>
              </ul>
            </div> <!-- suite-section-content -->
            <div class="result-section">
              <div class="suite-section-title">
                <span>Results</span>
              </div> <!-- suite-section-title -->
              <div class="suite-section-content">
                <ul>
                  <li>
                    <span class="method-stats">13 methods, 3 failed,   10 passed</span>
                  </li>
                  <li>
                    <span class="method-list-title failed">Failed methods</span>
                    <span class="show-or-hide-methods failed">
                      <a href="#" panel-name="suite-Suite" class="hide-methods failed suite-Suite"> (hide)</a> <!-- hide-methods failed suite-Suite -->
                      <a href="#" panel-name="suite-Suite" class="show-methods failed suite-Suite"> (show)</a> <!-- show-methods failed suite-Suite -->
                    </span>
                    <div class="method-list-content failed suite-Suite">
                      <span>
                        <img src="failed.png" width="3%"/>
                        <a href="#" panel-name="suite-Suite" title="testscripts.regression.ValidateLoginUsingDataProvider" class="method navigator-link" hash-for-method="validateLoginTest1(reyaz0806, reyaz456, Adactin.com - Hotel Reservation System)">validateLoginTest1(reyaz0806, reyaz456, Adactin.com - Hotel Reservation System)</a> <!-- method navigator-link -->
                      </span>
                      <br/>
                      <span>
                        <img src="failed.png" width="3%"/>
                        <a href="#" panel-name="suite-Suite" title="testscripts.regression.ValidateLoginUsingDataProvider" class="method navigator-link" hash-for-method="validateLoginTest1(reyaz1212, reyaz456, Adactin.com - Hotel Reservation System)">validateLoginTest1(reyaz1212, reyaz456, Adactin.com - Hotel Reservation System)</a> <!-- method navigator-link -->
                      </span>
                      <br/>
                      <span>
                        <img src="failed.png" width="3%"/>
                        <a href="#" panel-name="suite-Suite" title="testscripts.regression.ValidateLoginUsingDataProvider" class="method navigator-link" hash-for-method="validateLoginTest1(reyaz1212, reyaz123, Adactin.com - Hotel Reservation System)">validateLoginTest1(reyaz1212, reyaz123, Adactin.com - Hotel Reservation System)</a> <!-- method navigator-link -->
                      </span>
                      <br/>
                    </div> <!-- method-list-content failed suite-Suite -->
                  </li>
                  <li>
                    <span class="method-list-title passed">Passed methods</span>
                    <span class="show-or-hide-methods passed">
                      <a href="#" panel-name="suite-Suite" class="hide-methods passed suite-Suite"> (hide)</a> <!-- hide-methods passed suite-Suite -->
                      <a href="#" panel-name="suite-Suite" class="show-methods passed suite-Suite"> (show)</a> <!-- show-methods passed suite-Suite -->
                    </span>
                    <div class="method-list-content passed suite-Suite">
                      <span>
                        <img src="passed.png" width="3%"/>
                        <a href="#" panel-name="suite-Suite" title="testscripts.regression.ValidateLoginPOMandDataProvider" class="method navigator-link" hash-for-method="validateLoginTest({expected Title=Adactin.com - Search Hotel, password=reyaz123, username=reyaz0806})">validateLoginTest({expected Title=Adactin.com - Search Hotel, password=reyaz123, username=reyaz0806})</a> <!-- method navigator-link -->
                      </span>
                      <br/>
                      <span>
                        <img src="passed.png" width="3%"/>
                        <a href="#" panel-name="suite-Suite" title="testscripts.regression.ValidateLoginUsingHybrid" class="method navigator-link" hash-for-method="validateLoginTest({expected Title=Adactin.com - Search Hotel, password=reyaz123, username=reyaz0806})">validateLoginTest({expected Title=Adactin.com - Search Hotel, password=reyaz123, username=reyaz0806})</a> <!-- method navigator-link -->
                      </span>
                      <br/>
                      <span>
                        <img src="passed.png" width="3%"/>
                        <a href="#" panel-name="suite-Suite" title="testscripts.regression.ValidateLoginPOM" class="method navigator-link" hash-for-method="validateLoginTest">validateLoginTest</a> <!-- method navigator-link -->
                      </span>
                      <br/>
                      <span>
                        <img src="passed.png" width="3%"/>
                        <a href="#" panel-name="suite-Suite" title="testscripts.regression.ValidateLoginUsingKeywords" class="method navigator-link" hash-for-method="validateLoginTest">validateLoginTest</a> <!-- method navigator-link -->
                      </span>
                      <br/>
                      <span>
                        <img src="passed.png" width="3%"/>
                        <a href="#" panel-name="suite-Suite" title="testscripts.regression.ValidateLoginUsingDataProvider" class="method navigator-link" hash-for-method="validateLoginTest1(reyaz0806, reyaz123, Adactin.com - Search Hotel)">validateLoginTest1(reyaz0806, reyaz123, Adactin.com - Search Hotel)</a> <!-- method navigator-link -->
                      </span>
                      <br/>
                      <span>
                        <img src="passed.png" width="3%"/>
                        <a href="#" panel-name="suite-Suite" title="testscripts.regression.ValidateLogin" class="method navigator-link" hash-for-method="validateLoginTest1">validateLoginTest1</a> <!-- method navigator-link -->
                      </span>
                      <br/>
                      <span>
                        <img src="passed.png" width="3%"/>
                        <a href="#" panel-name="suite-Suite" title="testscripts.regression.ValidateLoginUsingDataProviderExcel" class="method navigator-link" hash-for-method="validateLoginTest1({expected Title=Adactin.com - Hotel Reservation System, password=reyaz456, username=reyaz0806})">validateLoginTest1({expected Title=Adactin.com - Hotel Reservation System, password=reyaz456, username=reyaz0806})</a> <!-- method navigator-link -->
                      </span>
                      <br/>
                      <span>
                        <img src="passed.png" width="3%"/>
                        <a href="#" panel-name="suite-Suite" title="testscripts.regression.ValidateLogin" class="method navigator-link" hash-for-method="validateLoginTest2">validateLoginTest2</a> <!-- method navigator-link -->
                      </span>
                      <br/>
                      <span>
                        <img src="passed.png" width="3%"/>
                        <a href="#" panel-name="suite-Suite" title="testscripts.regression.ValidateLogin" class="method navigator-link" hash-for-method="validateLoginTest3">validateLoginTest3</a> <!-- method navigator-link -->
                      </span>
                      <br/>
                      <span>
                        <img src="passed.png" width="3%"/>
                        <a href="#" panel-name="suite-Suite" title="testscripts.regression.ValidateLogin" class="method navigator-link" hash-for-method="validateLoginTest4">validateLoginTest4</a> <!-- method navigator-link -->
                      </span>
                      <br/>
                    </div> <!-- method-list-content passed suite-Suite -->
                  </li>
                </ul>
              </div> <!-- suite-section-content -->
            </div> <!-- result-section -->
          </div> <!-- navigator-suite-content -->
        </div> <!-- rounded-window -->
      </div> <!-- suite -->
    </div> <!-- navigator-root -->
    <div class="wrapper">
      <div class="main-panel-root">
        <div panel-name="suite-Suite" class="panel Suite">
          <div class="suite-Suite-class-failed">
            <div class="main-panel-header rounded-window-top">
              <img src="failed.png"/>
              <span class="class-name">testscripts.regression.ValidateLoginUsingDataProvider</span>
            </div> <!-- main-panel-header rounded-window-top -->
            <div class="main-panel-content rounded-window-bottom">
              <div class="method">
                <div class="method-content">
                  <a name="validateLoginTest1(reyaz0806, reyaz456, Adactin.com - Hotel Reservation System)">
                  </a> <!-- validateLoginTest1(reyaz0806, reyaz456, Adactin.com - Hotel Reservation System) -->
                  <span class="method-name">validateLoginTest1</span>
                  <span class="parameters">(reyaz0806,reyaz456,Adactin.com - Hotel Reservation System)</span>
                  <div class="stack-trace">org.openqa.selenium.NoSuchElementException: no such element: Unable to locate element: {&quot;method&quot;:&quot;xpath&quot;,&quot;selector&quot;:&quot;//input[@id=&apos;username_show&apos;]&quot;}
  (Session info: chrome=129.0.6668.60)
For documentation on this error, please visit: https://www.selenium.dev/documentation/webdriver/troubleshooting/errors#no-such-element-exception
Build info: version: &apos;4.13.0&apos;, revision: &apos;ba948ece5b*&apos;
System info: os.name: &apos;Windows 11&apos;, os.arch: &apos;amd64&apos;, os.version: &apos;10.0&apos;, java.version: &apos;17.0.8.1&apos;
Driver info: org.openqa.selenium.chrome.ChromeDriver
Command: [97d132592ada803f7daeaabed57d5736, findElement {using=xpath, value=//input[@id=&apos;username_show&apos;]}]
Capabilities {acceptInsecureCerts: false, browserName: chrome, browserVersion: 129.0.6668.60, chrome: {chromedriverVersion: 129.0.6668.70 (df87d5cf12b1..., userDataDir: C:\Users\Riyaz\AppData\Loca...}, fedcm:accounts: true, goog:chromeOptions: {debuggerAddress: localhost:58052}, networkConnectionEnabled: false, pageLoadStrategy: normal, platformName: windows, proxy: Proxy(), se:cdp: ws://localhost:58052/devtoo..., se:cdpVersion: 129.0.6668.60, setWindowRect: true, strictFileInteractability: false, timeouts: {implicit: 0, pageLoad: 300000, script: 30000}, unhandledPromptBehavior: dismiss and notify, webauthn:extension:credBlob: true, webauthn:extension:largeBlob: true, webauthn:extension:minPinLength: true, webauthn:extension:prf: true, webauthn:virtualAuthenticators: true}
Session ID: 97d132592ada803f7daeaabed57d5736
	at org.openqa.selenium.remote.codec.w3c.W3CHttpResponseCodec.createException(W3CHttpResponseCodec.java:200)
	at org.openqa.selenium.remote.codec.w3c.W3CHttpResponseCodec.decode(W3CHttpResponseCodec.java:133)
	at org.openqa.selenium.remote.codec.w3c.W3CHttpResponseCodec.decode(W3CHttpResponseCodec.java:52)
	at org.openqa.selenium.remote.HttpCommandExecutor.execute(HttpCommandExecutor.java:191)
	at org.openqa.selenium.remote.service.DriverCommandExecutor.invokeExecute(DriverCommandExecutor.java:196)
	at org.openqa.selenium.remote.service.DriverCommandExecutor.execute(DriverCommandExecutor.java:171)
	at org.openqa.selenium.remote.RemoteWebDriver.execute(RemoteWebDriver.java:602)
	at org.openqa.selenium.remote.ElementLocation$ElementFinder$2.findElement(ElementLocation.java:165)
	at org.openqa.selenium.remote.ElementLocation.findElement(ElementLocation.java:59)
	at org.openqa.selenium.remote.RemoteWebDriver.findElement(RemoteWebDriver.java:359)
	at org.openqa.selenium.remote.RemoteWebDriver.findElement(RemoteWebDriver.java:353)
	at testscripts.regression.ValidateLoginUsingDataProvider.validateLoginTest1(ValidateLoginUsingDataProvider.java:35)
	at java.base/java.util.ArrayList.forEach(ArrayList.java:1511)
... Removed 32 stack frames
</div> <!-- stack-trace -->
                </div> <!-- method-content -->
              </div> <!-- method -->
              <div class="method">
                <div class="method-content">
                  <a name="validateLoginTest1(reyaz1212, reyaz456, Adactin.com - Hotel Reservation System)">
                  </a> <!-- validateLoginTest1(reyaz1212, reyaz456, Adactin.com - Hotel Reservation System) -->
                  <span class="method-name">validateLoginTest1</span>
                  <span class="parameters">(reyaz1212,reyaz456,Adactin.com - Hotel Reservation System)</span>
                  <div class="stack-trace">org.openqa.selenium.NoSuchElementException: no such element: Unable to locate element: {&quot;method&quot;:&quot;xpath&quot;,&quot;selector&quot;:&quot;//input[@id=&apos;username_show&apos;]&quot;}
  (Session info: chrome=129.0.6668.60)
For documentation on this error, please visit: https://www.selenium.dev/documentation/webdriver/troubleshooting/errors#no-such-element-exception
Build info: version: &apos;4.13.0&apos;, revision: &apos;ba948ece5b*&apos;
System info: os.name: &apos;Windows 11&apos;, os.arch: &apos;amd64&apos;, os.version: &apos;10.0&apos;, java.version: &apos;17.0.8.1&apos;
Driver info: org.openqa.selenium.chrome.ChromeDriver
Command: [aef41479d77867b8a54e7931b2de663c, findElement {using=xpath, value=//input[@id=&apos;username_show&apos;]}]
Capabilities {acceptInsecureCerts: false, browserName: chrome, browserVersion: 129.0.6668.60, chrome: {chromedriverVersion: 129.0.6668.70 (df87d5cf12b1..., userDataDir: C:\Users\Riyaz\AppData\Loca...}, fedcm:accounts: true, goog:chromeOptions: {debuggerAddress: localhost:58098}, networkConnectionEnabled: false, pageLoadStrategy: normal, platformName: windows, proxy: Proxy(), se:cdp: ws://localhost:58098/devtoo..., se:cdpVersion: 129.0.6668.60, setWindowRect: true, strictFileInteractability: false, timeouts: {implicit: 0, pageLoad: 300000, script: 30000}, unhandledPromptBehavior: dismiss and notify, webauthn:extension:credBlob: true, webauthn:extension:largeBlob: true, webauthn:extension:minPinLength: true, webauthn:extension:prf: true, webauthn:virtualAuthenticators: true}
Session ID: aef41479d77867b8a54e7931b2de663c
	at org.openqa.selenium.remote.codec.w3c.W3CHttpResponseCodec.createException(W3CHttpResponseCodec.java:200)
	at org.openqa.selenium.remote.codec.w3c.W3CHttpResponseCodec.decode(W3CHttpResponseCodec.java:133)
	at org.openqa.selenium.remote.codec.w3c.W3CHttpResponseCodec.decode(W3CHttpResponseCodec.java:52)
	at org.openqa.selenium.remote.HttpCommandExecutor.execute(HttpCommandExecutor.java:191)
	at org.openqa.selenium.remote.service.DriverCommandExecutor.invokeExecute(DriverCommandExecutor.java:196)
	at org.openqa.selenium.remote.service.DriverCommandExecutor.execute(DriverCommandExecutor.java:171)
	at org.openqa.selenium.remote.RemoteWebDriver.execute(RemoteWebDriver.java:602)
	at org.openqa.selenium.remote.ElementLocation$ElementFinder$2.findElement(ElementLocation.java:165)
	at org.openqa.selenium.remote.ElementLocation.findElement(ElementLocation.java:59)
	at org.openqa.selenium.remote.RemoteWebDriver.findElement(RemoteWebDriver.java:359)
	at org.openqa.selenium.remote.RemoteWebDriver.findElement(RemoteWebDriver.java:353)
	at testscripts.regression.ValidateLoginUsingDataProvider.validateLoginTest1(ValidateLoginUsingDataProvider.java:35)
	at java.base/java.util.ArrayList.forEach(ArrayList.java:1511)
... Removed 32 stack frames
</div> <!-- stack-trace -->
                </div> <!-- method-content -->
              </div> <!-- method -->
              <div class="method">
                <div class="method-content">
                  <a name="validateLoginTest1(reyaz1212, reyaz123, Adactin.com - Hotel Reservation System)">
                  </a> <!-- validateLoginTest1(reyaz1212, reyaz123, Adactin.com - Hotel Reservation System) -->
                  <span class="method-name">validateLoginTest1</span>
                  <span class="parameters">(reyaz1212,reyaz123,Adactin.com - Hotel Reservation System)</span>
                  <div class="stack-trace">org.openqa.selenium.NoSuchElementException: no such element: Unable to locate element: {&quot;method&quot;:&quot;xpath&quot;,&quot;selector&quot;:&quot;//input[@id=&apos;username_show&apos;]&quot;}
  (Session info: chrome=129.0.6668.60)
For documentation on this error, please visit: https://www.selenium.dev/documentation/webdriver/troubleshooting/errors#no-such-element-exception
Build info: version: &apos;4.13.0&apos;, revision: &apos;ba948ece5b*&apos;
System info: os.name: &apos;Windows 11&apos;, os.arch: &apos;amd64&apos;, os.version: &apos;10.0&apos;, java.version: &apos;17.0.8.1&apos;
Driver info: org.openqa.selenium.chrome.ChromeDriver
Command: [e09ffcb2364a735e86d5159c33bef4e2, findElement {using=xpath, value=//input[@id=&apos;username_show&apos;]}]
Capabilities {acceptInsecureCerts: false, browserName: chrome, browserVersion: 129.0.6668.60, chrome: {chromedriverVersion: 129.0.6668.70 (df87d5cf12b1..., userDataDir: C:\Users\Riyaz\AppData\Loca...}, fedcm:accounts: true, goog:chromeOptions: {debuggerAddress: localhost:58076}, networkConnectionEnabled: false, pageLoadStrategy: normal, platformName: windows, proxy: Proxy(), se:cdp: ws://localhost:58076/devtoo..., se:cdpVersion: 129.0.6668.60, setWindowRect: true, strictFileInteractability: false, timeouts: {implicit: 0, pageLoad: 300000, script: 30000}, unhandledPromptBehavior: dismiss and notify, webauthn:extension:credBlob: true, webauthn:extension:largeBlob: true, webauthn:extension:minPinLength: true, webauthn:extension:prf: true, webauthn:virtualAuthenticators: true}
Session ID: e09ffcb2364a735e86d5159c33bef4e2
	at org.openqa.selenium.remote.codec.w3c.W3CHttpResponseCodec.createException(W3CHttpResponseCodec.java:200)
	at org.openqa.selenium.remote.codec.w3c.W3CHttpResponseCodec.decode(W3CHttpResponseCodec.java:133)
	at org.openqa.selenium.remote.codec.w3c.W3CHttpResponseCodec.decode(W3CHttpResponseCodec.java:52)
	at org.openqa.selenium.remote.HttpCommandExecutor.execute(HttpCommandExecutor.java:191)
	at org.openqa.selenium.remote.service.DriverCommandExecutor.invokeExecute(DriverCommandExecutor.java:196)
	at org.openqa.selenium.remote.service.DriverCommandExecutor.execute(DriverCommandExecutor.java:171)
	at org.openqa.selenium.remote.RemoteWebDriver.execute(RemoteWebDriver.java:602)
	at org.openqa.selenium.remote.ElementLocation$ElementFinder$2.findElement(ElementLocation.java:165)
	at org.openqa.selenium.remote.ElementLocation.findElement(ElementLocation.java:59)
	at org.openqa.selenium.remote.RemoteWebDriver.findElement(RemoteWebDriver.java:359)
	at org.openqa.selenium.remote.RemoteWebDriver.findElement(RemoteWebDriver.java:353)
	at testscripts.regression.ValidateLoginUsingDataProvider.validateLoginTest1(ValidateLoginUsingDataProvider.java:35)
	at java.base/java.util.ArrayList.forEach(ArrayList.java:1511)
... Removed 32 stack frames
</div> <!-- stack-trace -->
                </div> <!-- method-content -->
              </div> <!-- method -->
            </div> <!-- main-panel-content rounded-window-bottom -->
          </div> <!-- suite-Suite-class-failed -->
          <div class="suite-Suite-class-passed">
            <div class="main-panel-header rounded-window-top">
              <img src="passed.png"/>
              <span class="class-name">testscripts.regression.ValidateLoginUsingKeywords</span>
            </div> <!-- main-panel-header rounded-window-top -->
            <div class="main-panel-content rounded-window-bottom">
              <div class="method">
                <div class="method-content">
                  <a name="validateLoginTest">
                  </a> <!-- validateLoginTest -->
                  <span class="method-name">validateLoginTest</span>
                </div> <!-- method-content -->
              </div> <!-- method -->
            </div> <!-- main-panel-content rounded-window-bottom -->
          </div> <!-- suite-Suite-class-passed -->
          <div class="suite-Suite-class-passed">
            <div class="main-panel-header rounded-window-top">
              <img src="passed.png"/>
              <span class="class-name">testscripts.regression.ValidateLogin</span>
            </div> <!-- main-panel-header rounded-window-top -->
            <div class="main-panel-content rounded-window-bottom">
              <div class="method">
                <div class="method-content">
                  <a name="validateLoginTest1">
                  </a> <!-- validateLoginTest1 -->
                  <span class="method-name">validateLoginTest1</span>
                </div> <!-- method-content -->
              </div> <!-- method -->
              <div class="method">
                <div class="method-content">
                  <a name="validateLoginTest2">
                  </a> <!-- validateLoginTest2 -->
                  <span class="method-name">validateLoginTest2</span>
                </div> <!-- method-content -->
              </div> <!-- method -->
              <div class="method">
                <div class="method-content">
                  <a name="validateLoginTest3">
                  </a> <!-- validateLoginTest3 -->
                  <span class="method-name">validateLoginTest3</span>
                </div> <!-- method-content -->
              </div> <!-- method -->
              <div class="method">
                <div class="method-content">
                  <a name="validateLoginTest4">
                  </a> <!-- validateLoginTest4 -->
                  <span class="method-name">validateLoginTest4</span>
                </div> <!-- method-content -->
              </div> <!-- method -->
            </div> <!-- main-panel-content rounded-window-bottom -->
          </div> <!-- suite-Suite-class-passed -->
          <div class="suite-Suite-class-passed">
            <div class="main-panel-header rounded-window-top">
              <img src="passed.png"/>
              <span class="class-name">testscripts.regression.ValidateLoginPOM</span>
            </div> <!-- main-panel-header rounded-window-top -->
            <div class="main-panel-content rounded-window-bottom">
              <div class="method">
                <div class="method-content">
                  <a name="validateLoginTest">
                  </a> <!-- validateLoginTest -->
                  <span class="method-name">validateLoginTest</span>
                </div> <!-- method-content -->
              </div> <!-- method -->
            </div> <!-- main-panel-content rounded-window-bottom -->
          </div> <!-- suite-Suite-class-passed -->
          <div class="suite-Suite-class-passed">
            <div class="main-panel-header rounded-window-top">
              <img src="passed.png"/>
              <span class="class-name">testscripts.regression.ValidateLoginUsingDataProvider</span>
            </div> <!-- main-panel-header rounded-window-top -->
            <div class="main-panel-content rounded-window-bottom">
              <div class="method">
                <div class="method-content">
                  <a name="validateLoginTest1(reyaz0806, reyaz123, Adactin.com - Search Hotel)">
                  </a> <!-- validateLoginTest1(reyaz0806, reyaz123, Adactin.com - Search Hotel) -->
                  <span class="method-name">validateLoginTest1</span>
                  <span class="parameters">(reyaz0806,reyaz123,Adactin.com - Search Hotel)</span>
                </div> <!-- method-content -->
              </div> <!-- method -->
            </div> <!-- main-panel-content rounded-window-bottom -->
          </div> <!-- suite-Suite-class-passed -->
          <div class="suite-Suite-class-passed">
            <div class="main-panel-header rounded-window-top">
              <img src="passed.png"/>
              <span class="class-name">testscripts.regression.ValidateLoginPOMandDataProvider</span>
            </div> <!-- main-panel-header rounded-window-top -->
            <div class="main-panel-content rounded-window-bottom">
              <div class="method">
                <div class="method-content">
                  <a name="validateLoginTest({expected Title=Adactin.com - Search Hotel, password=reyaz123, username=reyaz0806})">
                  </a> <!-- validateLoginTest({expected Title=Adactin.com - Search Hotel, password=reyaz123, username=reyaz0806}) -->
                  <span class="method-name">validateLoginTest</span>
                  <span class="parameters">({expected Title=Adactin.com - Search Hotel, password=reyaz123, username=reyaz0806})</span>
                </div> <!-- method-content -->
              </div> <!-- method -->
            </div> <!-- main-panel-content rounded-window-bottom -->
          </div> <!-- suite-Suite-class-passed -->
          <div class="suite-Suite-class-passed">
            <div class="main-panel-header rounded-window-top">
              <img src="passed.png"/>
              <span class="class-name">testscripts.regression.ValidateLoginUsingDataProviderExcel</span>
            </div> <!-- main-panel-header rounded-window-top -->
            <div class="main-panel-content rounded-window-bottom">
              <div class="method">
                <div class="method-content">
                  <a name="validateLoginTest1({expected Title=Adactin.com - Hotel Reservation System, password=reyaz456, username=reyaz0806})">
                  </a> <!-- validateLoginTest1({expected Title=Adactin.com - Hotel Reservation System, password=reyaz456, username=reyaz0806}) -->
                  <span class="method-name">validateLoginTest1</span>
                  <span class="parameters">({expected Title=Adactin.com - Hotel Reservation System, password=reyaz456, username=reyaz0806})</span>
                </div> <!-- method-content -->
              </div> <!-- method -->
            </div> <!-- main-panel-content rounded-window-bottom -->
          </div> <!-- suite-Suite-class-passed -->
          <div class="suite-Suite-class-passed">
            <div class="main-panel-header rounded-window-top">
              <img src="passed.png"/>
              <span class="class-name">testscripts.regression.ValidateLoginUsingHybrid</span>
            </div> <!-- main-panel-header rounded-window-top -->
            <div class="main-panel-content rounded-window-bottom">
              <div class="method">
                <div class="method-content">
                  <a name="validateLoginTest({expected Title=Adactin.com - Search Hotel, password=reyaz123, username=reyaz0806})">
                  </a> <!-- validateLoginTest({expected Title=Adactin.com - Search Hotel, password=reyaz123, username=reyaz0806}) -->
                  <span class="method-name">validateLoginTest</span>
                  <span class="parameters">({expected Title=Adactin.com - Search Hotel, password=reyaz123, username=reyaz0806})</span>
                </div> <!-- method-content -->
              </div> <!-- method -->
            </div> <!-- main-panel-content rounded-window-bottom -->
          </div> <!-- suite-Suite-class-passed -->
        </div> <!-- panel Suite -->
        <div panel-name="test-xml-Suite" class="panel">
          <div class="main-panel-header rounded-window-top">
            <span class="header-content">D:\012LivetechWS\HybridFramework\regression.xml</span>
          </div> <!-- main-panel-header rounded-window-top -->
          <div class="main-panel-content rounded-window-bottom">
            <pre>
&lt;?xml version=&quot;1.0&quot; encoding=&quot;UTF-8&quot;?&gt;
&lt;!DOCTYPE suite SYSTEM &quot;https://testng.org/testng-1.0.dtd&quot;&gt;
&lt;suite name=&quot;Suite&quot; guice-stage=&quot;DEVELOPMENT&quot;&gt;
  &lt;test thread-count=&quot;5&quot; name=&quot;Test&quot;&gt;
    &lt;classes&gt;
      &lt;class name=&quot;testscripts.regression.ValidateLoginUsingKeywords&quot;/&gt;
      &lt;class name=&quot;testscripts.regression.ValidateLoginPOMandDataProvider&quot;/&gt;
      &lt;class name=&quot;testscripts.regression.ValidateLoginUsingDataProvider&quot;/&gt;
      &lt;class name=&quot;testscripts.regression.ValidateLoginUsingHybrid&quot;/&gt;
      &lt;class name=&quot;testscripts.regression.ValidateLoginPOM&quot;/&gt;
      &lt;class name=&quot;testscripts.regression.ValidateLogin&quot;/&gt;
      &lt;class name=&quot;testscripts.regression.ValidateLoginUsingDataProviderExcel&quot;/&gt;
    &lt;/classes&gt;
  &lt;/test&gt; &lt;!-- Test --&gt;
&lt;/suite&gt; &lt;!-- Suite --&gt;
            </pre>
          </div> <!-- main-panel-content rounded-window-bottom -->
        </div> <!-- panel -->
        <div panel-name="testlist-Suite" class="panel">
          <div class="main-panel-header rounded-window-top">
            <span class="header-content">Tests for Suite</span>
          </div> <!-- main-panel-header rounded-window-top -->
          <div class="main-panel-content rounded-window-bottom">
            <ul>
              <li>
                <span class="test-name">Test (7 classes)</span>
              </li>
            </ul>
          </div> <!-- main-panel-content rounded-window-bottom -->
        </div> <!-- panel -->
        <div panel-name="group-Suite" class="panel">
          <div class="main-panel-header rounded-window-top">
            <span class="header-content">Groups for Suite</span>
          </div> <!-- main-panel-header rounded-window-top -->
          <div class="main-panel-content rounded-window-bottom">
          </div> <!-- main-panel-content rounded-window-bottom -->
        </div> <!-- panel -->
        <div panel-name="times-Suite" class="panel">
          <div class="main-panel-header rounded-window-top">
            <span class="header-content">Times for Suite</span>
          </div> <!-- main-panel-header rounded-window-top -->
          <div class="main-panel-content rounded-window-bottom">
            <div class="times-div">
              <script type="text/javascript">
suiteTableInitFunctions.push('tableData_Suite');
function tableData_Suite() {
var data = new google.visualization.DataTable();
data.addColumn('number', 'Number');
data.addColumn('string', 'Method');
data.addColumn('string', 'Class');
data.addColumn('number', 'Time (ms)');
data.addRows(13);
data.setCell(0, 0, 0)
data.setCell(0, 1, 'validateLoginTest')
data.setCell(0, 2, 'testscripts.regression.ValidateLoginPOM')
data.setCell(0, 3, 31285);
data.setCell(1, 0, 1)
data.setCell(1, 1, 'validateLoginTest')
data.setCell(1, 2, 'testscripts.regression.ValidateLoginPOMandDataProvider')
data.setCell(1, 3, 30867);
data.setCell(2, 0, 2)
data.setCell(2, 1, 'validateLoginTest1')
data.setCell(2, 2, 'testscripts.regression.ValidateLoginUsingDataProvider')
data.setCell(2, 3, 30641);
data.setCell(3, 0, 3)
data.setCell(3, 1, 'validateLoginTest1')
data.setCell(3, 2, 'testscripts.regression.ValidateLoginUsingDataProvider')
data.setCell(3, 3, 30589);
data.setCell(4, 0, 4)
data.setCell(4, 1, 'validateLoginTest1')
data.setCell(4, 2, 'testscripts.regression.ValidateLoginUsingDataProvider')
data.setCell(4, 3, 30566);
data.setCell(5, 0, 5)
data.setCell(5, 1, 'validateLoginTest')
data.setCell(5, 2, 'testscripts.regression.ValidateLoginUsingHybrid')
data.setCell(5, 3, 8680);
data.setCell(6, 0, 6)
data.setCell(6, 1, 'validateLoginTest')
data.setCell(6, 2, 'testscripts.regression.ValidateLoginUsingKeywords')
data.setCell(6, 3, 7041);
data.setCell(7, 0, 7)
data.setCell(7, 1, 'validateLoginTest1')
data.setCell(7, 2, 'testscripts.regression.ValidateLogin')
data.setCell(7, 3, 972);
data.setCell(8, 0, 8)
data.setCell(8, 1, 'validateLoginTest1')
data.setCell(8, 2, 'testscripts.regression.ValidateLoginUsingDataProvider')
data.setCell(8, 3, 900);
data.setCell(9, 0, 9)
data.setCell(9, 1, 'validateLoginTest1')
data.setCell(9, 2, 'testscripts.regression.ValidateLoginUsingDataProviderExcel')
data.setCell(9, 3, 767);
data.setCell(10, 0, 10)
data.setCell(10, 1, 'validateLoginTest4')
data.setCell(10, 2, 'testscripts.regression.ValidateLogin')
data.setCell(10, 3, 723);
data.setCell(11, 0, 11)
data.setCell(11, 1, 'validateLoginTest2')
data.setCell(11, 2, 'testscripts.regression.ValidateLogin')
data.setCell(11, 3, 717);
data.setCell(12, 0, 12)
data.setCell(12, 1, 'validateLoginTest3')
data.setCell(12, 2, 'testscripts.regression.ValidateLogin')
data.setCell(12, 3, 643);
window.suiteTableData['Suite']= { tableData: data, tableDiv: 'times-div-Suite'}
return data;
}
              </script>
              <span class="suite-total-time">Total running time: 2 minutes</span>
              <div id="times-div-Suite">
              </div> <!-- times-div-Suite -->
            </div> <!-- times-div -->
          </div> <!-- main-panel-content rounded-window-bottom -->
        </div> <!-- panel -->
        <div panel-name="reporter-Suite" class="panel">
          <div class="main-panel-header rounded-window-top">
            <span class="header-content">Reporter output for Suite</span>
          </div> <!-- main-panel-header rounded-window-top -->
          <div class="main-panel-content rounded-window-bottom">
          </div> <!-- main-panel-content rounded-window-bottom -->
        </div> <!-- panel -->
        <div panel-name="ignored-methods-Suite" class="panel">
          <div class="main-panel-header rounded-window-top">
            <span class="header-content">12 ignored methods</span>
          </div> <!-- main-panel-header rounded-window-top -->
          <div class="main-panel-content rounded-window-bottom">
            <div class="ignored-class-div">
              <span class="ignored-class-name">testscripts.regression.ValidateLogin</span>
              <div class="ignored-methods-div">
                <span class="ignored-method-name">closeReports</span>
                <br/>
                <span class="ignored-method-name">setUpProps</span>
                <br/>
              </div> <!-- ignored-methods-div -->
            </div> <!-- ignored-class-div -->
            <div class="ignored-class-div">
              <span class="ignored-class-name">testscripts.regression.ValidateLoginPOM</span>
              <div class="ignored-methods-div">
                <span class="ignored-method-name">setUpProps</span>
                <br/>
                <span class="ignored-method-name">closeReports</span>
                <br/>
              </div> <!-- ignored-methods-div -->
            </div> <!-- ignored-class-div -->
            <div class="ignored-class-div">
              <span class="ignored-class-name">testscripts.regression.ValidateLoginUsingDataProvider</span>
              <div class="ignored-methods-div">
                <span class="ignored-method-name">setUpProps</span>
                <br/>
                <span class="ignored-method-name">closeReports</span>
                <br/>
              </div> <!-- ignored-methods-div -->
            </div> <!-- ignored-class-div -->
            <div class="ignored-class-div">
              <span class="ignored-class-name">testscripts.regression.ValidateLoginPOMandDataProvider</span>
              <div class="ignored-methods-div">
                <span class="ignored-method-name">setUpProps</span>
                <br/>
                <span class="ignored-method-name">closeReports</span>
                <br/>
              </div> <!-- ignored-methods-div -->
            </div> <!-- ignored-class-div -->
            <div class="ignored-class-div">
              <span class="ignored-class-name">testscripts.regression.ValidateLoginUsingDataProviderExcel</span>
              <div class="ignored-methods-div">
                <span class="ignored-method-name">setUpProps</span>
                <br/>
                <span class="ignored-method-name">closeReports</span>
                <br/>
              </div> <!-- ignored-methods-div -->
            </div> <!-- ignored-class-div -->
            <div class="ignored-class-div">
              <span class="ignored-class-name">testscripts.regression.ValidateLoginUsingHybrid</span>
              <div class="ignored-methods-div">
                <span class="ignored-method-name">setUpProps</span>
                <br/>
                <span class="ignored-method-name">closeReports</span>
                <br/>
              </div> <!-- ignored-methods-div -->
            </div> <!-- ignored-class-div -->
          </div> <!-- main-panel-content rounded-window-bottom -->
        </div> <!-- panel -->
        <div panel-name="chronological-Suite" class="panel">
          <div class="main-panel-header rounded-window-top">
            <span class="header-content">Methods in chronological order</span>
          </div> <!-- main-panel-header rounded-window-top -->
          <div class="main-panel-content rounded-window-bottom">
            <div class="chronological-class">
              <div class="chronological-class-name">testscripts.regression.ValidateLoginUsingKeywords</div> <!-- chronological-class-name -->
              <div class="configuration-test before">
                <span class="method-name">setUpProps</span>
                <span class="method-start">0 ms</span>
              </div> <!-- configuration-test before -->
              <div class="configuration-method before">
                <span class="method-name">setUp(org.testng.TestRunner@6ffbf0ac)</span>
                <span class="method-start">293 ms</span>
              </div> <!-- configuration-method before -->
              <div class="test-method">
                <span class="method-name">validateLoginTest</span>
                <span class="method-start">4573 ms</span>
              </div> <!-- test-method -->
              <div class="configuration-method after">
                <span class="method-name">teardown</span>
                <span class="method-start">11620 ms</span>
              </div> <!-- configuration-method after -->
            </div> <!-- chronological-class -->
            <div class="chronological-class">
              <div class="chronological-class-name">testscripts.regression.ValidateLoginPOMandDataProvider</div> <!-- chronological-class-name -->
              <div class="configuration-method before">
                <span class="method-name">setUp(org.testng.TestRunner@6ffbf0ac)</span>
                <span class="method-start">15412 ms</span>
              </div> <!-- configuration-method before -->
              <div class="test-method">
                <span class="method-name">validateLoginTest({expected Title=Adactin.com - Search Hotel, password=reyaz123, username=reyaz0806})</span>
                <span class="method-start">18579 ms</span>
              </div> <!-- test-method -->
              <div class="configuration-method after">
                <span class="method-name">teardown</span>
                <span class="method-start">49448 ms</span>
              </div> <!-- configuration-method after -->
            </div> <!-- chronological-class -->
            <div class="chronological-class">
              <div class="chronological-class-name">testscripts.regression.ValidateLoginUsingDataProvider</div> <!-- chronological-class-name -->
              <div class="configuration-method before">
                <span class="method-name">setUp(org.testng.TestRunner@6ffbf0ac)</span>
                <span class="method-start">52829 ms</span>
              </div> <!-- configuration-method before -->
              <div class="test-method">
                <span class="method-name">validateLoginTest1(reyaz0806, reyaz123, Adactin.com - Search Hotel)</span>
                <span class="method-start">57128 ms</span>
              </div> <!-- test-method -->
              <div class="configuration-method after">
                <span class="method-name">teardown</span>
                <span class="method-start">58029 ms</span>
              </div> <!-- configuration-method after -->
              <div class="configuration-method before">
                <span class="method-name">setUp(org.testng.TestRunner@6ffbf0ac)</span>
                <span class="method-start">61295 ms</span>
              </div> <!-- configuration-method before -->
              <div class="test-method">
                <img src="failed.png">
                </img>
                <span class="method-name">validateLoginTest1(reyaz0806, reyaz456, Adactin.com - Hotel Reservation System)</span>
                <span class="method-start">64510 ms</span>
              </div> <!-- test-method -->
              <div class="configuration-method after">
                <span class="method-name">teardown</span>
                <span class="method-start">95103 ms</span>
              </div> <!-- configuration-method after -->
              <div class="configuration-method before">
                <span class="method-name">setUp(org.testng.TestRunner@6ffbf0ac)</span>
                <span class="method-start">98486 ms</span>
              </div> <!-- configuration-method before -->
              <div class="test-method">
                <img src="failed.png">
                </img>
                <span class="method-name">validateLoginTest1(reyaz1212, reyaz123, Adactin.com - Hotel Reservation System)</span>
                <span class="method-start">101727 ms</span>
              </div> <!-- test-method -->
              <div class="configuration-method after">
                <span class="method-name">teardown</span>
                <span class="method-start">132371 ms</span>
              </div> <!-- configuration-method after -->
              <div class="configuration-method before">
                <span class="method-name">setUp(org.testng.TestRunner@6ffbf0ac)</span>
                <span class="method-start">135710 ms</span>
              </div> <!-- configuration-method before -->
              <div class="test-method">
                <img src="failed.png">
                </img>
                <span class="method-name">validateLoginTest1(reyaz1212, reyaz456, Adactin.com - Hotel Reservation System)</span>
                <span class="method-start">139975 ms</span>
              </div> <!-- test-method -->
              <div class="configuration-method after">
                <span class="method-name">teardown</span>
                <span class="method-start">170543 ms</span>
              </div> <!-- configuration-method after -->
            </div> <!-- chronological-class -->
            <div class="chronological-class">
              <div class="chronological-class-name">testscripts.regression.ValidateLoginUsingHybrid</div> <!-- chronological-class-name -->
              <div class="configuration-method before">
                <span class="method-name">setUp(org.testng.TestRunner@6ffbf0ac)</span>
                <span class="method-start">173959 ms</span>
              </div> <!-- configuration-method before -->
              <div class="test-method">
                <span class="method-name">validateLoginTest({expected Title=Adactin.com - Search Hotel, password=reyaz123, username=reyaz0806})</span>
                <span class="method-start">178011 ms</span>
              </div> <!-- test-method -->
              <div class="configuration-method after">
                <span class="method-name">teardown</span>
                <span class="method-start">186694 ms</span>
              </div> <!-- configuration-method after -->
            </div> <!-- chronological-class -->
            <div class="chronological-class">
              <div class="chronological-class-name">testscripts.regression.ValidateLoginPOM</div> <!-- chronological-class-name -->
              <div class="configuration-method before">
                <span class="method-name">setUp(org.testng.TestRunner@6ffbf0ac)</span>
                <span class="method-start">189710 ms</span>
              </div> <!-- configuration-method before -->
              <div class="test-method">
                <span class="method-name">validateLoginTest</span>
                <span class="method-start">194313 ms</span>
              </div> <!-- test-method -->
              <div class="configuration-method after">
                <span class="method-name">teardown</span>
                <span class="method-start">225601 ms</span>
              </div> <!-- configuration-method after -->
            </div> <!-- chronological-class -->
            <div class="chronological-class">
              <div class="chronological-class-name">testscripts.regression.ValidateLogin</div> <!-- chronological-class-name -->
              <div class="configuration-method before">
                <span class="method-name">setUp(org.testng.TestRunner@6ffbf0ac)</span>
                <span class="method-start">228867 ms</span>
              </div> <!-- configuration-method before -->
              <div class="test-method">
                <span class="method-name">validateLoginTest1</span>
                <span class="method-start">233272 ms</span>
              </div> <!-- test-method -->
              <div class="configuration-method after">
                <span class="method-name">teardown</span>
                <span class="method-start">234245 ms</span>
              </div> <!-- configuration-method after -->
              <div class="configuration-method before">
                <span class="method-name">setUp(org.testng.TestRunner@6ffbf0ac)</span>
                <span class="method-start">237587 ms</span>
              </div> <!-- configuration-method before -->
              <div class="test-method">
                <span class="method-name">validateLoginTest2</span>
                <span class="method-start">240839 ms</span>
              </div> <!-- test-method -->
              <div class="configuration-method after">
                <span class="method-name">teardown</span>
                <span class="method-start">241557 ms</span>
              </div> <!-- configuration-method after -->
              <div class="configuration-method before">
                <span class="method-name">setUp(org.testng.TestRunner@6ffbf0ac)</span>
                <span class="method-start">244818 ms</span>
              </div> <!-- configuration-method before -->
              <div class="test-method">
                <span class="method-name">validateLoginTest3</span>
                <span class="method-start">249156 ms</span>
              </div> <!-- test-method -->
              <div class="configuration-method after">
                <span class="method-name">teardown</span>
                <span class="method-start">249801 ms</span>
              </div> <!-- configuration-method after -->
              <div class="configuration-method before">
                <span class="method-name">setUp(org.testng.TestRunner@6ffbf0ac)</span>
                <span class="method-start">253052 ms</span>
              </div> <!-- configuration-method before -->
              <div class="test-method">
                <span class="method-name">validateLoginTest4</span>
                <span class="method-start">257439 ms</span>
              </div> <!-- test-method -->
              <div class="configuration-method after">
                <span class="method-name">teardown</span>
                <span class="method-start">258164 ms</span>
              </div> <!-- configuration-method after -->
            </div> <!-- chronological-class -->
            <div class="chronological-class">
              <div class="chronological-class-name">testscripts.regression.ValidateLoginUsingDataProviderExcel</div> <!-- chronological-class-name -->
              <div class="configuration-method before">
                <span class="method-name">setUp(org.testng.TestRunner@6ffbf0ac)</span>
                <span class="method-start">261505 ms</span>
              </div> <!-- configuration-method before -->
              <div class="test-method">
                <span class="method-name">validateLoginTest1({expected Title=Adactin.com - Hotel Reservation System, password=reyaz456, username=reyaz0806})</span>
                <span class="method-start">264500 ms</span>
              </div> <!-- test-method -->
              <div class="configuration-method after">
                <span class="method-name">teardown</span>
                <span class="method-start">265269 ms</span>
              </div> <!-- configuration-method after -->
            </div> <!-- chronological-class -->
            <div class="chronological-class">
              <div class="chronological-class-name">testscripts.regression.ValidateLoginUsingKeywords</div> <!-- chronological-class-name -->
              <div class="configuration-test after">
                <span class="method-name">closeReports</span>
                <span class="method-start">268519 ms</span>
              </div> <!-- configuration-test after -->
          </div> <!-- main-panel-content rounded-window-bottom -->
        </div> <!-- panel -->
      </div> <!-- main-panel-root -->
    </div> <!-- wrapper -->
  </body>
<script type="text/javascript" src="testng-reports2.js"></script>
</html>
